<?xml version="1.0" encoding="UTF-8"?>
<!-- Generated by org.testng.reporters.JUnitXMLReporter -->
<testsuite hostname="DESKTOP-IAICU2N" ignored="2" name="Test" tests="2" failures="0" timestamp="2020-03-20T22:26:18 IST" time="47.556" errors="0">
  <testcase name="testLaptopDetails" time="27.249" classname="com.Amazon.tests.TestLaptopDetailsPage"/>
  <testcase name="testCart" time="5.399" classname="com.Amazon.tests.TestLaptopDetailsPage"/>
  <testcase name="@BeforeTest initializeDriver" time="0.0" classname="com.Amazon.tests.TestPrerequisites">
    <ignored/>
  </testcase> <!-- @BeforeTest initializeDriver -->
  <testcase name="@AfterTest tearDown" time="0.0" classname="com.Amazon.tests.TestPrerequisites">
    <ignored/>
  </testcase> <!-- @AfterTest tearDown -->
</testsuite> <!-- Test -->
