<?xml version="1.0" encoding="UTF-8"?>
<!-- Generated by org.testng.reporters.JUnitXMLReporter -->
<testsuite hostname="DESKTOP-IAICU2N" ignored="2" name="Command line test" tests="2" failures="1" timestamp="2020-03-20T19:55:25 IST" time="63.344" errors="0">
  <testcase name="testLaptopDetails" time="30.185" classname="com.Amazon.tests.TestLaptopDetailsPage"/>
  <testcase name="testCart" time="0.007" classname="com.Amazon.tests.TestLaptopDetailsPage">
    <failure type="java.lang.NullPointerException">
      <![CDATA[java.lang.NullPointerException
at com.Amazon.tests.TestLaptopDetailsPage.testCart(TestLaptopDetailsPage.java:47)
at java.util.ArrayList.forEach(ArrayList.java:1257)
... Removed 37 stack frames]]>
    </failure>
  </testcase> <!-- testCart -->
  <testcase name="@BeforeTest initializeDriver" time="0.0" classname="com.Amazon.tests.TestPrerequisites">
    <ignored/>
  </testcase> <!-- @BeforeTest initializeDriver -->
  <testcase name="@AfterTest tearDown" time="0.0" classname="com.Amazon.tests.TestPrerequisites">
    <ignored/>
  </testcase> <!-- @AfterTest tearDown -->
</testsuite> <!-- Command line test -->
