-------------------------------------------------------------------------------
Test set: TestSuite
-------------------------------------------------------------------------------
Tests run: 2, Failures: 1, Errors: 0, Skipped: 0, Time elapsed: 64.484 sec <<< FAILURE!
testCart(com.Amazon.tests.TestLaptopDetailsPage)  Time elapsed: 0.008 sec  <<< FAILURE!
java.lang.NullPointerException
	at com.Amazon.tests.TestLaptopDetailsPage.testCart(TestLaptopDetailsPage.java:47)

