<?xml version="1.0" encoding="UTF-8"?>
<testng-results skipped="0" failed="0" ignored="2" total="4" passed="2">
  <reporter-output>
  </reporter-output>
  <suite name="Command line suite" duration-ms="64245" started-at="2020-03-21T11:01:12 IST" finished-at="2020-03-21T11:02:16 IST">
    <groups>
    </groups>
    <test name="Command line test" duration-ms="64245" started-at="2020-03-21T11:01:12 IST" finished-at="2020-03-21T11:02:16 IST">
      <class name="com.Amazon.tests.TestLaptopDetailsPage">
        <test-method status="PASS" signature="initializeDriver()[pri:0, instance:com.Amazon.tests.TestLaptopDetailsPage@57baeedf]" name="initializeDriver" is-config="true" duration-ms="17186" started-at="2020-03-21T11:01:12 IST" finished-at="2020-03-21T11:01:29 IST">
          <reporter-output>
          </reporter-output>
        </test-method> <!-- initializeDriver -->
        <test-method status="PASS" signature="testLaptopDetails()[pri:0, instance:com.Amazon.tests.TestLaptopDetailsPage@57baeedf]" name="testLaptopDetails" duration-ms="42632" started-at="2020-03-21T11:01:29 IST" description="Test if the Laptop details are displayed correctly." finished-at="2020-03-21T11:02:12 IST">
          <reporter-output>
          </reporter-output>
        </test-method> <!-- testLaptopDetails -->
        <test-method status="PASS" signature="testCart()[pri:0, instance:com.Amazon.tests.TestLaptopDetailsPage@57baeedf]" name="testCart" duration-ms="3552" started-at="2020-03-21T11:02:12 IST" depends-on-methods="com.Amazon.tests.TestLaptopDetailsPage.testLaptopDetails" finished-at="2020-03-21T11:02:15 IST">
          <reporter-output>
          </reporter-output>
        </test-method> <!-- testCart -->
        <test-method status="PASS" signature="tearDown()[pri:0, instance:com.Amazon.tests.TestLaptopDetailsPage@57baeedf]" name="tearDown" is-config="true" duration-ms="817" started-at="2020-03-21T11:02:15 IST" finished-at="2020-03-21T11:02:16 IST">
          <reporter-output>
          </reporter-output>
        </test-method> <!-- tearDown -->
      </class> <!-- com.Amazon.tests.TestLaptopDetailsPage -->
    </test> <!-- Command line test -->
  </suite> <!-- Command line suite -->
</testng-results>
